<?xml version="1.0" encoding="UTF-8"?>
<!-- Generated by org.testng.reporters.JUnitXMLReporter -->
<testsuite ignored="0" hostname="LAPTOP-EDCPCRB9" failures="0" tests="2" name="BankingApp Test" time="37.168" errors="0" timestamp="2021-12-04T12:05:16 IST">
  <testcase classname="com.inetbanking.testCases.TC_LoginTest_001" name="loginTest" time="2.472"/>
  <testcase classname="com.inetbanking.testCases.TC_AddCustomerTest_003" name="addNewCustomer" time="16.853"/>
</testsuite> <!-- BankingApp Test -->
