<?xml version="1.0" encoding="UTF-8"?>
<testng-results ignored="0" total="2" passed="2" failed="0" skipped="0">
  <reporter-output>
  </reporter-output>
  <suite started-at="2021-12-04T12:04:39 IST" name="InetBanking" finished-at="2021-12-04T12:05:16 IST" duration-ms="37168">
    <groups>
    </groups>
    <test started-at="2021-12-04T12:04:39 IST" name="BankingApp Test" finished-at="2021-12-04T12:05:16 IST" duration-ms="37168">
      <class name="com.inetbanking.testCases.TC_LoginTest_001">
        <test-method is-config="true" signature="setp(java.lang.String)[pri:0, instance:com.inetbanking.testCases.TC_LoginTest_001@6e4784bc]" started-at="2021-12-04T12:04:39 IST" name="setp" finished-at="2021-12-04T12:04:50 IST" duration-ms="10766" status="PASS">
          <params>
            <param index="0">
              <value>
                <![CDATA[chrome]]>
              </value>
            </param>
          </params>
          <reporter-output>
          </reporter-output>
        </test-method> <!-- setp -->
        <test-method signature="loginTest()[pri:0, instance:com.inetbanking.testCases.TC_LoginTest_001@6e4784bc]" started-at="2021-12-04T12:04:50 IST" name="loginTest" finished-at="2021-12-04T12:04:52 IST" duration-ms="2472" status="PASS">
          <reporter-output>
          </reporter-output>
        </test-method> <!-- loginTest -->
        <test-method is-config="true" signature="tearDown()[pri:0, instance:com.inetbanking.testCases.TC_LoginTest_001@6e4784bc]" started-at="2021-12-04T12:04:52 IST" name="tearDown" finished-at="2021-12-04T12:04:53 IST" duration-ms="276" status="PASS">
          <reporter-output>
          </reporter-output>
        </test-method> <!-- tearDown -->
      </class> <!-- com.inetbanking.testCases.TC_LoginTest_001 -->
      <class name="com.inetbanking.testCases.TC_AddCustomerTest_003">
        <test-method is-config="true" signature="setp(java.lang.String)[pri:0, instance:com.inetbanking.testCases.TC_AddCustomerTest_003@57c758ac]" started-at="2021-12-04T12:04:53 IST" name="setp" finished-at="2021-12-04T12:04:59 IST" duration-ms="6411" status="PASS">
          <params>
            <param index="0">
              <value>
                <![CDATA[chrome]]>
              </value>
            </param>
          </params>
          <reporter-output>
          </reporter-output>
        </test-method> <!-- setp -->
        <test-method signature="addNewCustomer()[pri:0, instance:com.inetbanking.testCases.TC_AddCustomerTest_003@57c758ac]" started-at="2021-12-04T12:04:59 IST" name="addNewCustomer" finished-at="2021-12-04T12:05:16 IST" duration-ms="16853" status="PASS">
          <reporter-output>
          </reporter-output>
        </test-method> <!-- addNewCustomer -->
        <test-method is-config="true" signature="tearDown()[pri:0, instance:com.inetbanking.testCases.TC_AddCustomerTest_003@57c758ac]" started-at="2021-12-04T12:05:16 IST" name="tearDown" finished-at="2021-12-04T12:05:16 IST" duration-ms="214" status="PASS">
          <reporter-output>
          </reporter-output>
        </test-method> <!-- tearDown -->
      </class> <!-- com.inetbanking.testCases.TC_AddCustomerTest_003 -->
    </test> <!-- BankingApp Test -->
  </suite> <!-- InetBanking -->
</testng-results>
